Removed Pin From Net: NetName=GND Pin=J1-A1
Removed Pin From Net: NetName=USB_D_P Pin=J1-A6
Removed Pin From Net: NetName=USB_D_N Pin=J1-A7
Removed Pin From Net: NetName=VBUS Pin=J1-A9
Removed Pin From Net: NetName=GND Pin=J1-A12
Removed Pin From Net: NetName=NRST Pin=J3-1
Removed Pin From Net: NetName=GND Pin=J3-2
Removed Pin From Net: NetName=+3V3 Pin=J4-1
Removed Pin From Net: NetName=DEBUG_JRST Pin=J4-3
Removed Pin From Net: NetName=DEBUG_SWO Pin=J4-4
Removed Pin From Net: NetName=DEBUG_JTDI Pin=J4-5
Removed Pin From Net: NetName=DEBUG_SWDCLK Pin=J4-6
Removed Pin From Net: NetName=DEBUG_SWDIO Pin=J4-7
Removed Pin From Net: NetName=GND Pin=J4-8
Removed Member From Class: ClassName=MCU Member=J1
Removed Member From Class: ClassName=MCU Member=J3
Removed Member From Class: ClassName=MCU Member=J4
Removed Member From Class: ClassName=MCU Member=P1
Removed Member From Class: ClassName=MCU Member=R7
Change Component Footprint: Designator=J3 Old Footprint=FP-M20-9990246-MFG New Footprint=FP-M20-9990846-MFG
Change Component Footprint: Designator=J4 Old Footprint=FP-M20-9990846-MFG New Footprint=FP-M20-9990246-MFG
Change Component Comment : Designator=J3 Old Comment=M20-9990246 New Comment=M20-9990846
Change Component Comment : Designator=J4 Old Comment=M20-9990846 New Comment=M20-9990246
Change Managed Component Library Link : Designator=J3 Old VaultGUID=B7D15EC3-160A-466F-A46C-7801FE6295A7 New VaultGUID=B7D15EC3-160A-466F-A46C-7801FE6295A7 Old ItemGUID=E8102906-A097-42EA-A92F-E302815CD6B8 New ItemGUID=0549E2B0-9CFB-4919-9B90-833E2E7CF49C Old RevisionGUID=C8B057CE-5700-4E89-A6FE-2729F489FB75 New RevisionGUID=735470C3-309C-40A6-8340-C436F9A66664
Change Managed Component Library Link : Designator=J4 Old VaultGUID=B7D15EC3-160A-466F-A46C-7801FE6295A7 New VaultGUID=B7D15EC3-160A-466F-A46C-7801FE6295A7 Old ItemGUID=0549E2B0-9CFB-4919-9B90-833E2E7CF49C New ItemGUID=E8102906-A097-42EA-A92F-E302815CD6B8 Old RevisionGUID=735470C3-309C-40A6-8340-C436F9A66664 New RevisionGUID=C8B057CE-5700-4E89-A6FE-2729F489FB75
Change component parameters: Designator = "J3" ("J3"); Footprint = "FP-M20-9990246-MFG"; UniqueID = "\GEESXSVO" ("\GEESXSVO")
Change component parameters (AddParameter): Name = "Case/Package"; Value = "SIL"; VariantName = "[No Variations]"
Change component parameters (AddParameter): Name = "Color"; Value = "Black"; VariantName = "[No Variations]"
Change component parameters (AddParameter): Name = "Connector Type"; Value = "Male Pin"; VariantName = "[No Variations]"
Change component parameters (AddParameter): Name = "Contact Material"; Value = "Brass"; VariantName = "[No Variations]"
Change component parameters (AddParameter): Name = "Contact Mating Length"; Value = "0.24inch"; VariantName = "[No Variations]"
Change component parameters (AddParameter): Name = "Contact Plating"; Value = "Tin"; VariantName = "[No Variations]"
Change component parameters (AddParameter): Name = "Contact Resistance"; Value = "30mR"; VariantName = "[No Variations]"
Change component parameters (AddParameter): Name = "Contact Type"; Value = "Male Pin"; VariantName = "[No Variations]"
Change component parameters (AddParameter): Name = "Current Rating"; Value = "3A"; VariantName = "[No Variations]"
Change component parameters (AddParameter): Name = "Depth"; Value = "2.54mm"; VariantName = "[No Variations]"
Change component parameters (AddParameter): Name = "Gender"; Value = "Male"; VariantName = "[No Variations]"
Change component parameters (AddParameter): Name = "Housing Color"; Value = "Black"; VariantName = "[No Variations]"
Change component parameters (AddParameter): Name = "Housing Material"; Value = "Nylon"; VariantName = "[No Variations]"
Change component parameters (AddParameter): Name = "Insulation Resistance"; Value = "1GR"; VariantName = "[No Variations]"
Change component parameters (AddParameter): Name = "Length"; Value = "20.32mm"; VariantName = "[No Variations]"
Change component parameters (AddParameter): Name = "Max Current Rating"; Value = "3A"; VariantName = "[No Variations]"
Change component parameters (AddParameter): Name = "Max Operating Temperature"; Value = "105°C"; VariantName = "[No Variations]"
Change component parameters (AddParameter): Name = "Min Operating Temperature"; Value = "-40°C"; VariantName = "[No Variations]"
Change component parameters (AddParameter): Name = "Mount"; Value = "Through Hole"; VariantName = "[No Variations]"
Change component parameters (AddParameter): Name = "Number of Contacts"; Value = "8"; VariantName = "[No Variations]"
Change component parameters (AddParameter): Name = "Number of Positions"; Value = "8"; VariantName = "[No Variations]"
Change component parameters (AddParameter): Name = "Number of Rows"; Value = "1"; VariantName = "[No Variations]"
Change component parameters (AddParameter): Name = "Orientation"; Value = "Straight"; VariantName = "[No Variations]"
Change component parameters (AddParameter): Name = "Package Quantity"; Value = "1000"; VariantName = "[No Variations]"
Change component parameters (AddParameter): Name = "Packaging"; Value = "Bulk"; VariantName = "[No Variations]"
Change component parameters (AddParameter): Name = "Pitch"; Value = "2.54mm"; VariantName = "[No Variations]"
Change component parameters (AddParameter): Name = "Radiation Hardening"; Value = "No"; VariantName = "[No Variations]"
Change component parameters (AddParameter): Name = "REACH SVHC"; Value = "No SVHC"; VariantName = "[No Variations]"
Change component parameters (AddParameter): Name = "RoHS Compliant"; Value = "Yes"; VariantName = "[No Variations]"
Change component parameters (AddParameter): Name = "Series"; Value = "M20"; VariantName = "[No Variations]"
Change component parameters (AddParameter): Name = "Termination"; Value = "Solder"; VariantName = "[No Variations]"
Change component parameters: Designator = "J4" ("J4"); Footprint = "FP-M20-9990846-MFG"; UniqueID = "\ZPBAPYJJ" ("\ZPBAPYJJ")
Change component parameters (AddParameter): Name = "Automotive"; Value = "No"; VariantName = "[No Variations]"
Change component parameters (AddParameter): Name = "Category"; Value = "Conn"; VariantName = "[No Variations]"
Change component parameters (AddParameter): Name = "ComponentLink2Description"; Value = "Datasheet"; VariantName = "[No Variations]"
Change component parameters (AddParameter): Name = "ComponentLink2URL"; Value = "https://cdn.harwin.com/pdfs/M20-999.pdf"; VariantName = "[No Variations]"
Change component parameters (AddParameter): Name = "Conn Gender"; Value = "Male"; VariantName = "[No Variations]"
Change component parameters (AddParameter): Name = "Conn Orientation"; Value = "Vertical"; VariantName = "[No Variations]"
Change component parameters (AddParameter): Name = "Contact Material"; Value = "Tin,Nickel"; VariantName = "[No Variations]"
Change component parameters (AddParameter): Name = "Current Rating"; Value = "3A"; VariantName = "[No Variations]"
Change component parameters (AddParameter): Name = "Device Class L1"; Value = "Connectors"; VariantName = "[No Variations]"
Change component parameters (AddParameter): Name = "Device Class L2"; Value = "Headers and Wire Housings"; VariantName = "[No Variations]"
Change component parameters (AddParameter): Name = "Device Class L3"; Value = "unset"; VariantName = "[No Variations]"
Change component parameters (AddParameter): Name = "Digikey Description"; Value = "CONN HEADER VERT 2POS 2.54MM"; VariantName = "[No Variations]"
Change component parameters (AddParameter): Name = "Height"; Value = "8.99mm"; VariantName = "[No Variations]"
Change component parameters (AddParameter): Name = "Lead Free"; Value = "Yes"; VariantName = "[No Variations]"
Change component parameters (AddParameter): Name = "Manufacturer"; Value = "Harwin"; VariantName = "[No Variations]"
Change component parameters (AddParameter): Name = "Manufacturer Part Number"; Value = "M20-9990246"; VariantName = "[No Variations]"
Change component parameters (AddParameter): Name = "Mouser Description"; Value = "2.54mm (0.1") Pitch SIL Vertical PC Tail Pin Header, 6.1mm mating pin height, tin, 2 contacts"; VariantName = "[No Variations]"
Change component parameters (AddParameter): Name = "Number Of Contacts"; Value = "2"; VariantName = "[No Variations]"
Change component parameters (AddParameter): Name = "Number Of Rows"; Value = "1"; VariantName = "[No Variations]"
Change component parameters (AddParameter): Name = "Octopart"; Value = "https://octopart.com/m20-9990246-harwin-2590635"; VariantName = "[No Variations]"
Change component parameters (AddParameter): Name = "Package"; Value = "M20-9990246"; VariantName = "[No Variations]"
Change component parameters (AddParameter): Name = "Pitch"; Value = "2.54mm"; VariantName = "[No Variations]"
Change component parameters (AddParameter): Name = "RoHS"; Value = "TRUE"; VariantName = "[No Variations]"
Change component parameters (AddParameter): Name = "Temperature"; Value = "-40°C to +105°C"; VariantName = "[No Variations]"
Change component parameters (AddParameter): Name = "Temperature Range High"; Value = "+105°C"; VariantName = "[No Variations]"
Change component parameters (AddParameter): Name = "Temperature Range Low"; Value = "-40°C"; VariantName = "[No Variations]"
Added Component: Designator=J1'(MOLEX_105450-0101)
Add component (AddParameter): Name = "Check_prices"; Value = "https://www.snapeda.com/parts/1054500101/Molex/view-part/?ref=eda"; VariantName = "[No Variations]"
Add component (AddParameter): Name = "Digi-Key_Part_Number"; Value = "WM12856TR-ND"; VariantName = "[No Variations]"
Add component (AddParameter): Name = "MF"; Value = "Molex"; VariantName = "[No Variations]"
Add component (AddParameter): Name = "MP"; Value = "1054500101"; VariantName = "[No Variations]"
Add component (AddParameter): Name = "Package"; Value = "None"; VariantName = "[No Variations]"
Add component (AddParameter): Name = "Purchase-URL"; Value = "https://pricing.snapeda.com/search/part/1054500101/?ref=eda"; VariantName = "[No Variations]"
Add component (AddParameter): Name = "SnapEDA_Link"; Value = "https://www.snapeda.com/parts/1054500101/Molex/view-part/?ref=snap"; VariantName = "[No Variations]"
Add component (AddParameter): Name = "Supplier 1"; Value = "Digi-Key"; VariantName = "[No Variations]"
Add component (AddParameter): Name = "Supplier Part Number 1"; Value = "WM12856CT-ND"; VariantName = "[No Variations]"
Add component (AddParameter): Name = "Value"; Value = ""; VariantName = "[No Variations]"
Added Pin To Net: NetName=GND Pin=J1'-B1
Added Pin To Net: NetName=VBUS Pin=J1'-B4
Added Pin To Net: NetName=USB_D_P Pin=J1'-B6
Added Pin To Net: NetName=USB_D_N Pin=J1'-B7
Added Pin To Net: NetName=GND Pin=J1'-B12
Added Pin To Net: NetName=+3V3 Pin=J3-1
Added Pin To Net: NetName=DEBUG_JRST Pin=J3-3
Added Pin To Net: NetName=DEBUG_SWO Pin=J3-4
Added Pin To Net: NetName=DEBUG_JTDI Pin=J3-5
Added Pin To Net: NetName=DEBUG_SWDCLK Pin=J3-6
Added Pin To Net: NetName=DEBUG_SWDIO Pin=J3-7
Added Pin To Net: NetName=GND Pin=J3-8
Added Pin To Net: NetName=NRST Pin=J4-1
Added Pin To Net: NetName=GND Pin=J4-2
Added Member To Class: ClassName=MCU Member=Component J1' 105450-0101
Added Member To Class: ClassName=OTHER PARTS Member=Component J3 M20-9990846
Added Member To Class: ClassName=OTHER PARTS Member=Component J4 M20-9990246
Added Member To Class: ClassName=OTHER PARTS Member=Component P1 TSW-103-07-T-S
Added Member To Class: ClassName=OTHER PARTS Member=Component R7 5k
